
**** Build of configuration Debug for project light_isl29023 ****

"C:\\ti\\ccs901\\ccs\\utils\\bin\\gmake" -k all 
 
Building file: "../light_isl29023.c"
Invoking: ARM Compiler
"C:/ti/ccs901/ccs/tools/compiler/ti-cgt-arm_18.12.1.LTS/bin/armcl" -mv7M4 --code_state=16 --float_support=FPv4SPD16 --abi=eabi -me -O2 --include_path="C:/ti/ccs901/ccs/tools/compiler/ti-cgt-arm_18.12.1.LTS/include" --include_path="c:/ti/tivaware_c_series_2_1_4_178/examples/boards/ek-tm4c1294xl-boostxl-senshub" --include_path="c:/ti/tivaware_c_series_2_1_4_178" --advice:power=all -g --gcc --define=ccs="ccs" --define=PART_TM4C1294NCPDT --define=TARGET_IS_TM4C129_RA0 --define=UART_BUFFERED --diag_warning=225 --diag_wrap=off --display_error_number --gen_func_subsections=on --ual --preproc_with_compile --preproc_dependency="light_isl29023.d_raw"  "../light_isl29023.c"
"../light_isl29023.c", line 310: remark #1527-D: (ULP 2.1) Detected SW delay loop using empty loop. Recommend using a timer module instead
"../light_isl29023.c", line 363: remark #2623-D: (ULP 5.4) Detected an assignment to a type with size less than int. To avoid unnecessary sign extension, use int-sized types for local varaibles and convert to smaller types for static storage.
"../light_isl29023.c", line 378: remark #2623-D: (ULP 5.4) Detected an assignment to a type with size less than int. To avoid unnecessary sign extension, use int-sized types for local varaibles and convert to smaller types for static storage.
Finished building: "../light_isl29023.c"
 
Building file: "../startup_ccs.c"
Invoking: ARM Compiler
"C:/ti/ccs901/ccs/tools/compiler/ti-cgt-arm_18.12.1.LTS/bin/armcl" -mv7M4 --code_state=16 --float_support=FPv4SPD16 --abi=eabi -me -O2 --include_path="C:/ti/ccs901/ccs/tools/compiler/ti-cgt-arm_18.12.1.LTS/include" --include_path="c:/ti/tivaware_c_series_2_1_4_178/examples/boards/ek-tm4c1294xl-boostxl-senshub" --include_path="c:/ti/tivaware_c_series_2_1_4_178" --advice:power=all -g --gcc --define=ccs="ccs" --define=PART_TM4C1294NCPDT --define=TARGET_IS_TM4C129_RA0 --define=UART_BUFFERED --diag_warning=225 --diag_wrap=off --display_error_number --gen_func_subsections=on --ual --preproc_with_compile --preproc_dependency="startup_ccs.d_raw"  "../startup_ccs.c"
"../startup_ccs.c", line 239: remark #1527-D: (ULP 2.1) Detected SW delay loop using empty loop. Recommend using a timer module instead
"../startup_ccs.c", line 257: remark #1527-D: (ULP 2.1) Detected SW delay loop using empty loop. Recommend using a timer module instead
"../startup_ccs.c", line 275: remark #1527-D: (ULP 2.1) Detected SW delay loop using empty loop. Recommend using a timer module instead
Finished building: "../startup_ccs.c"
 
Building file: "C:/ti/tivaware_c_series_2_1_4_178/examples/boards/ek-tm4c1294xl-boostxl-senshub/drivers/buttons.c"
Invoking: ARM Compiler
"C:/ti/ccs901/ccs/tools/compiler/ti-cgt-arm_18.12.1.LTS/bin/armcl" -mv7M4 --code_state=16 --float_support=FPv4SPD16 --abi=eabi -me -O2 --include_path="C:/ti/ccs901/ccs/tools/compiler/ti-cgt-arm_18.12.1.LTS/include" --include_path="c:/ti/tivaware_c_series_2_1_4_178/examples/boards/ek-tm4c1294xl-boostxl-senshub" --include_path="c:/ti/tivaware_c_series_2_1_4_178" --advice:power=all -g --gcc --define=ccs="ccs" --define=PART_TM4C1294NCPDT --define=TARGET_IS_TM4C129_RA0 --define=UART_BUFFERED --diag_warning=225 --diag_wrap=off --display_error_number --gen_func_subsections=on --ual --preproc_with_compile --preproc_dependency="drivers/buttons.d_raw" --obj_directory="drivers"  "C:/ti/tivaware_c_series_2_1_4_178/examples/boards/ek-tm4c1294xl-boostxl-senshub/drivers/buttons.c"
Finished building: "C:/ti/tivaware_c_series_2_1_4_178/examples/boards/ek-tm4c1294xl-boostxl-senshub/drivers/buttons.c"
 
Building file: "C:/ti/tivaware_c_series_2_1_4_178/examples/boards/ek-tm4c1294xl-boostxl-senshub/drivers/pinout.c"
Invoking: ARM Compiler
"C:/ti/ccs901/ccs/tools/compiler/ti-cgt-arm_18.12.1.LTS/bin/armcl" -mv7M4 --code_state=16 --float_support=FPv4SPD16 --abi=eabi -me -O2 --include_path="C:/ti/ccs901/ccs/tools/compiler/ti-cgt-arm_18.12.1.LTS/include" --include_path="c:/ti/tivaware_c_series_2_1_4_178/examples/boards/ek-tm4c1294xl-boostxl-senshub" --include_path="c:/ti/tivaware_c_series_2_1_4_178" --advice:power=all -g --gcc --define=ccs="ccs" --define=PART_TM4C1294NCPDT --define=TARGET_IS_TM4C129_RA0 --define=UART_BUFFERED --diag_warning=225 --diag_wrap=off --display_error_number --gen_func_subsections=on --ual --preproc_with_compile --preproc_dependency="drivers/pinout.d_raw" --obj_directory="drivers"  "C:/ti/tivaware_c_series_2_1_4_178/examples/boards/ek-tm4c1294xl-boostxl-senshub/drivers/pinout.c"
Finished building: "C:/ti/tivaware_c_series_2_1_4_178/examples/boards/ek-tm4c1294xl-boostxl-senshub/drivers/pinout.c"
 
Building file: "C:/ti/tivaware_c_series_2_1_4_178/utils/uartstdio.c"
Invoking: ARM Compiler
"C:/ti/ccs901/ccs/tools/compiler/ti-cgt-arm_18.12.1.LTS/bin/armcl" -mv7M4 --code_state=16 --float_support=FPv4SPD16 --abi=eabi -me -O2 --include_path="C:/ti/ccs901/ccs/tools/compiler/ti-cgt-arm_18.12.1.LTS/include" --include_path="c:/ti/tivaware_c_series_2_1_4_178/examples/boards/ek-tm4c1294xl-boostxl-senshub" --include_path="c:/ti/tivaware_c_series_2_1_4_178" --advice:power=all -g --gcc --define=ccs="ccs" --define=PART_TM4C1294NCPDT --define=TARGET_IS_TM4C129_RA0 --define=UART_BUFFERED --diag_warning=225 --diag_wrap=off --display_error_number --gen_func_subsections=on --ual --preproc_with_compile --preproc_dependency="utils/uartstdio.d_raw" --obj_directory="utils"  "C:/ti/tivaware_c_series_2_1_4_178/utils/uartstdio.c"
"C:/ti/tivaware_c_series_2_1_4_178/utils/uartstdio.c", line 794: remark #1527-D: (ULP 2.1) Detected SW delay loop using empty loop. Recommend using a timer module instead
"C:/ti/tivaware_c_series_2_1_4_178/utils/uartstdio.c", line 878: remark #1527-D: (ULP 2.1) Detected SW delay loop using empty loop. Recommend using a timer module instead
"C:/ti/tivaware_c_series_2_1_4_178/utils/uartstdio.c", line 1044: remark #1527-D: (ULP 2.1) Detected SW delay loop using empty loop. Recommend using a timer module instead
"C:/ti/tivaware_c_series_2_1_4_178/utils/uartstdio.c", line 1139: remark #1527-D: (ULP 2.1) Detected SW delay loop using empty loop. Recommend using a timer module instead
"C:/ti/tivaware_c_series_2_1_4_178/utils/uartstdio.c", line 1501: remark #1527-D: (ULP 2.1) Detected SW delay loop using empty loop. Recommend using a timer module instead
"C:/ti/tivaware_c_series_2_1_4_178/utils/uartstdio.c", line 1700: remark #2623-D: (ULP 5.4) Detected an assignment to a type with size less than int. To avoid unnecessary sign extension, use int-sized types for local varaibles and convert to smaller types for static storage.
"C:/ti/tivaware_c_series_2_1_4_178/utils/uartstdio.c", line 134: remark #1534-D: (ULP 7.1) Detected use of global variable "g_pcHex" within one function "UARTvprintf". Recommend placing variable in the function locally
Finished building: "C:/ti/tivaware_c_series_2_1_4_178/utils/uartstdio.c"
 
Building target: "light_isl29023.out"
Invoking: ARM Linker
"C:/ti/ccs901/ccs/tools/compiler/ti-cgt-arm_18.12.1.LTS/bin/armcl" -mv7M4 --code_state=16 --float_support=FPv4SPD16 --abi=eabi -me -O2 --advice:power=all -g --gcc --define=ccs="ccs" --define=PART_TM4C1294NCPDT --define=TARGET_IS_TM4C129_RA0 --define=UART_BUFFERED --diag_warning=225 --diag_wrap=off --display_error_number --gen_func_subsections=on --ual -z -m"light_isl29023_ccs.map" --stack_size=1024 --heap_size=0 -i"C:/ti/ccs901/ccs/tools/compiler/ti-cgt-arm_18.12.1.LTS/lib" -i"C:/ti/ccs901/ccs/tools/compiler/ti-cgt-arm_18.12.1.LTS/include" --reread_libs --diag_wrap=off --display_error_number --warn_sections --xml_link_info="light_isl29023_linkInfo.xml" --rom_model -o "light_isl29023.out" "./light_isl29023.obj" "./startup_ccs.obj" "./drivers/buttons.obj" "./drivers/pinout.obj" "./utils/uartstdio.obj" "../light_isl29023_ccs.cmd"  -llibc.a -l"c:/ti/tivaware_c_series_2_1_4_178/driverlib/ccs/Debug/driverlib.lib" -l"c:/ti/tivaware_c_series_2_1_4_178/sensorlib/ccs/Debug/sensorlib.lib" 
<Linking>
remark #10371-D: (ULP 1.1) Detected no uses of low power mode state changing instructions
Finished building target: "light_isl29023.out"
 
"C:/ti/ccs901/ccs/utils/tiobj2bin/tiobj2bin" "light_isl29023.out" "light_isl29023.bin" "C:/ti/ccs901/ccs/tools/compiler/ti-cgt-arm_18.12.1.LTS/bin/armofd" "C:/ti/ccs901/ccs/tools/compiler/ti-cgt-arm_18.12.1.LTS/bin/armhex" "C:/ti/ccs901/ccs/utils/tiobj2bin/mkhex4bin"
 

**** Build Finished ****
