
**** Build of configuration Debug for project PriorityInversion_EGH456_2017s1 ****

"C:\\ti\\ccsv8\\utils\\bin\\gmake" -k -j 4 all -O 
 
        1 file(s) copied.
making ../src/sysbios/sysbios.aem4f ...
Building file: "../mutex.cfg"
Invoking: XDCtools
"C:/ti/xdctools_3_32_02_25_core/xs" --xdcpath="C:/ti/tirtos_tivac_2_16_00_08/packages;C:/ti/tirtos_tivac_2_16_00_08/products/tidrivers_tivac_2_16_00_08/packages;C:/ti/tirtos_tivac_2_16_00_08/products/bios_6_45_01_29/packages;C:/ti/tirtos_tivac_2_16_00_08/products/ndk_2_25_00_09/packages;C:/ti/tirtos_tivac_2_16_00_08/products/uia_2_00_05_50/packages;C:/ti/tirtos_tivac_2_16_00_08/products/ns_1_11_00_10/packages;C:/ti/ccsv8/ccs_base;" xdc.tools.configuro -o configPkg -t ti.targets.arm.elf.M4F -p ti.platforms.tiva:TM4C129XNCZAD -r release -c "C:/ti/ccsv8/tools/compiler/ti-cgt-arm_18.1.4.LTS" --compileOptions "-mv7M4 --code_state=16 --float_support=FPv4SPD16 -me --include_path=\"C:/Users/Liam Hulsman-Benson/Google Drive/UNI/3rd year/egb456/RTOS/Lab6A_PriorityInversion_EGH456_2018s1/PriorityInversion_EGH456_2018s1\" --include_path=\"C:/Users/Liam Hulsman-Benson/Google Drive/UNI/3rd year/egb456/RTOS/Lab6A_PriorityInversion_EGH456_2018s1/PriorityInversion_EGH456_2018s1\" --include_path=\"C:/ti/tirtos_tivac_2_16_00_08/products/TivaWare_C_Series-2.1.1.71b\" --include_path=\"C:/ti/tirtos_tivac_2_16_00_08/products/bios_6_45_01_29/packages/ti/sysbios/posix\" --include_path=\"C:/ti/ccsv8/tools/compiler/ti-cgt-arm_18.1.4.LTS/include\" --define=ccs=\"ccs\" --define=PART_TM4C129XNCZAD --define=ccs --define=TIVAWARE -g --gcc --diag_warning=225 --diag_warning=255 --diag_wrap=off --display_error_number --gen_func_subsections=on --abi=eabi  " "../mutex.cfg"
gmake[1]: Nothing to be done for 'all'.
configuring mutex.xem4f from package/cfg/mutex_pem4f.cfg ...
generating custom ti.sysbios library makefile ... 
Starting build of library sources ...
making C:/Users/LIAMHU~1/GOOGLE~1/UNI/3RDYEA~1/egb456/RTOS/Lab6A_PriorityInversion_EGH456_2018s1/PriorityInversion_EGH456_2018s1/src/sysbios/sysbios.aem4f ...
gmake[1]: Entering directory `C:/Users/LIAMHU~1/GOOGLE~1/UNI/3RDYEA~1/egb456/RTOS/Lab6A_PriorityInversion_EGH456_2018s1/PriorityInversion_EGH456_2018s1/src/sysbios'
gmake[1]: Nothing to be done for `all'.
gmake[1]: Leaving directory `C:/Users/LIAMHU~1/GOOGLE~1/UNI/3RDYEA~1/egb456/RTOS/Lab6A_PriorityInversion_EGH456_2018s1/PriorityInversion_EGH456_2018s1/src/sysbios'
Build of libraries done.
clem4f package/cfg/mutex_pem4f.c ...
"package/cfg/mutex_pem4f.c", line 15532: warning #112-D: statement is unreachable
"package/cfg/mutex_pem4f.c", line 16018: warning #112-D: statement is unreachable
"package/cfg/mutex_pem4f.c", line 16292: warning #112-D: statement is unreachable
"package/cfg/mutex_pem4f.c", line 16473: warning #112-D: statement is unreachable
Finished building: "../mutex.cfg"
 
Building file: "../mutex.c"
Invoking: ARM Compiler
"C:/ti/ccsv8/tools/compiler/ti-cgt-arm_18.1.4.LTS/bin/armcl" -mv7M4 --code_state=16 --float_support=FPv4SPD16 -me --include_path="C:/Users/Liam Hulsman-Benson/Google Drive/UNI/3rd year/egb456/RTOS/Lab6A_PriorityInversion_EGH456_2018s1/PriorityInversion_EGH456_2018s1" --include_path="C:/Users/Liam Hulsman-Benson/Google Drive/UNI/3rd year/egb456/RTOS/Lab6A_PriorityInversion_EGH456_2018s1/PriorityInversion_EGH456_2018s1" --include_path="C:/ti/tirtos_tivac_2_16_00_08/products/TivaWare_C_Series-2.1.1.71b" --include_path="C:/ti/tirtos_tivac_2_16_00_08/products/bios_6_45_01_29/packages/ti/sysbios/posix" --include_path="C:/ti/ccsv8/tools/compiler/ti-cgt-arm_18.1.4.LTS/include" --define=ccs="ccs" --define=PART_TM4C129XNCZAD --define=ccs --define=TIVAWARE -g --gcc --diag_warning=225 --diag_warning=255 --diag_wrap=off --display_error_number --gen_func_subsections=on --abi=eabi --preproc_with_compile --preproc_dependency="mutex.d_raw" --cmd_file="configPkg/compiler.opt" "../mutex.c"
Finished building: "../mutex.c"
 
        1 file(s) copied.
Building file: "../DK_TM4C129X.c"
making ../src/sysbios/sysbios.aem4f ...
Invoking: ARM Compiler
"C:/ti/ccsv8/tools/compiler/ti-cgt-arm_18.1.4.LTS/bin/armcl" -mv7M4 --code_state=16 --float_support=FPv4SPD16 -me --include_path="C:/Users/Liam Hulsman-Benson/Google Drive/UNI/3rd year/egb456/RTOS/Lab6A_PriorityInversion_EGH456_2018s1/PriorityInversion_EGH456_2018s1" --include_path="C:/Users/Liam Hulsman-Benson/Google Drive/UNI/3rd year/egb456/RTOS/Lab6A_PriorityInversion_EGH456_2018s1/PriorityInversion_EGH456_2018s1" --include_path="C:/ti/tirtos_tivac_2_16_00_08/products/TivaWare_C_Series-2.1.1.71b" --include_path="C:/ti/tirtos_tivac_2_16_00_08/products/bios_6_45_01_29/packages/ti/sysbios/posix" --include_path="C:/ti/ccsv8/tools/compiler/ti-cgt-arm_18.1.4.LTS/include" --define=ccs="ccs" --define=PART_TM4C129XNCZAD --define=ccs --define=TIVAWARE -g --gcc --diag_warning=225 --diag_warning=255 --diag_wrap=off --display_error_number --gen_func_subsections=on --abi=eabi --preproc_with_compile --preproc_dependency="DK_TM4C129X.d_raw" --cmd_file="configPkg/compiler.opt" "../DK_TM4C129X.c"
gmake[2]: Nothing to be done for 'all'.
Finished building: "../DK_TM4C129X.c"
 
Building target: "PriorityInversion_EGH456_2017s1.out"
Invoking: ARM Linker
"C:/ti/ccsv8/tools/compiler/ti-cgt-arm_18.1.4.LTS/bin/armcl" -mv7M4 --code_state=16 --float_support=FPv4SPD16 -me --define=ccs="ccs" --define=PART_TM4C129XNCZAD --define=ccs --define=TIVAWARE -g --gcc --diag_warning=225 --diag_warning=255 --diag_wrap=off --display_error_number --gen_func_subsections=on --abi=eabi -z -m"PriorityInversion_EGH456_2017s1.map" --heap_size=0 --stack_size=512 -i"C:/ti/ccsv8/tools/compiler/ti-cgt-arm_18.1.4.LTS/lib" -i"C:/ti/ccsv8/tools/compiler/ti-cgt-arm_18.1.4.LTS/include" --reread_libs --diag_wrap=off --display_error_number --warn_sections --xml_link_info="PriorityInversion_EGH456_2017s1_linkInfo.xml" --rom_model -o "PriorityInversion_EGH456_2017s1.out" "./DK_TM4C129X.obj" "./mutex.obj" "../DK_TM4C129X.cmd" -l"configPkg/linker.cmd" -l"C:/ti/tirtos_tivac_2_16_00_08/products/TivaWare_C_Series-2.1.1.71b/grlib/ccs/Debug/grlib.lib" -l"C:/ti/tirtos_tivac_2_16_00_08/products/TivaWare_C_Series-2.1.1.71b/usblib/ccs/Debug/usblib.lib" -l"C:/ti/tirtos_tivac_2_16_00_08/products/TivaWare_C_Series-2.1.1.71b/driverlib/ccs/Debug/driverlib.lib" -llibc.a 
<Linking>
Finished building target: "PriorityInversion_EGH456_2017s1.out"
 

**** Build Finished ****
