
**** Build of configuration Debug for project uartecho_EK_TM4C1294XL_TI ****

"C:\\CCStudio\\ccsv8\\utils\\bin\\gmake" -k -j 12 all -O 
 
making ../src/sysbios/sysbios.aem4f ...
Building file: "../uartecho.cfg"
Invoking: XDCtools
"C:/ti/xdctools_3_32_00_06_core/xs" --xdcpath="C:/ti/tirtos_tivac_2_16_00_08/packages;C:/ti/tirtos_tivac_2_16_00_08/products/tidrivers_tivac_2_16_00_08/packages;C:/ti/tirtos_tivac_2_16_00_08/products/bios_6_45_01_29/packages;C:/ti/tirtos_tivac_2_16_00_08/products/ndk_2_25_00_09/packages;C:/ti/tirtos_tivac_2_16_00_08/products/uia_2_00_05_50/packages;C:/ti/tirtos_tivac_2_16_00_08/products/ns_1_11_00_10/packages;" xdc.tools.configuro -o configPkg -t ti.targets.arm.elf.M4F -p ti.platforms.tiva:TM4C1294NCPDT -r release -c "C:/CCStudio/ccsv8/tools/compiler/ti-cgt-arm_18.1.4.LTS" --compileOptions "-mv7M4 --code_state=16 --float_support=FPv4SPD16 -me --include_path=\"H:/EGH456---Tuts/RTOS/uartecho_EK_TM4C1294XL_TI\" --include_path=\"H:/EGH456---Tuts/RTOS/uartecho_EK_TM4C1294XL_TI\" --include_path=\"C:/ti/tirtos_tivac_2_16_00_08/products/TivaWare_C_Series-2.1.1.71b\" --include_path=\"C:/ti/tirtos_tivac_2_16_00_08/products/bios_6_45_01_29/packages/ti/sysbios/posix\" --include_path=\"H:/ti/tivaware_c_series_2_1_4_178/examples/boards/ek-tm4c1294xl-boostxl-kentec-s1/drivers\" --include_path=\"H:/ti/tivaware_c_series_2_1_4_178/driverlib\" --include_path=\"C:/CCStudio/ccsv8/tools/compiler/ti-cgt-arm_18.1.4.LTS/include\" --define=ccs=\"ccs\" --define=PART_TM4C1294NCPDT --define=ccs --define=TIVAWARE -g --gcc --diag_warning=225 --diag_warning=255 --diag_wrap=off --display_error_number --gen_func_subsections=on --abi=eabi  " "../uartecho.cfg"
gmake[1]: Nothing to be done for 'all'.
making package.mak (because of package.bld) ...
configuring uartecho.xem4f from package/cfg/uartecho_pem4f.cfg ...
generating custom ti.sysbios library makefile ... 
Starting build of library sources ...
making H:/EGH456---Tuts/RTOS/uartecho_EK_TM4C1294XL_TI/src/sysbios/sysbios.aem4f ...
gmake[1]: Entering directory `H:/EGH456---Tuts/RTOS/uartecho_EK_TM4C1294XL_TI/src/sysbios'
clem4f C:/ti/tirtos_tivac_2_16_00_08/products/bios_6_45_01_29/packages/ti/sysbios/BIOS.c ...
asmem4f C:/ti/tirtos_tivac_2_16_00_08/products/bios_6_45_01_29/packages/ti/sysbios/family/arm/m3/Hwi_asm.sv7M ...
asmem4f C:/ti/tirtos_tivac_2_16_00_08/products/bios_6_45_01_29/packages/ti/sysbios/family/arm/m3/Hwi_asm_switch.sv7M ...
asmem4f C:/ti/tirtos_tivac_2_16_00_08/products/bios_6_45_01_29/packages/ti/sysbios/family/arm/m3/IntrinsicsSupport_asm.sv7M ...
asmem4f C:/ti/tirtos_tivac_2_16_00_08/products/bios_6_45_01_29/packages/ti/sysbios/family/arm/m3/TaskSupport_asm.sv7M ...
arem4f BIOS.obj m3_Hwi_asm.obj m3_Hwi_asm_switch.obj m3_IntrinsicsSupport_asm.obj m3_TaskSupport_asm.obj ...
gmake[1]: Leaving directory `H:/EGH456---Tuts/RTOS/uartecho_EK_TM4C1294XL_TI/src/sysbios'
Build of libraries done.
clem4f package/cfg/uartecho_pem4f.c ...
"package/cfg/uartecho_pem4f.c", line 19773: warning #112-D: statement is unreachable
"package/cfg/uartecho_pem4f.c", line 20259: warning #112-D: statement is unreachable
"package/cfg/uartecho_pem4f.c", line 20494: warning #112-D: statement is unreachable
"package/cfg/uartecho_pem4f.c", line 20714: warning #112-D: statement is unreachable
"package/cfg/uartecho_pem4f.c", line 20895: warning #112-D: statement is unreachable
Finished building: "../uartecho.cfg"
 
Building file: "../uartecho.c"
Invoking: ARM Compiler
"C:/CCStudio/ccsv8/tools/compiler/ti-cgt-arm_18.1.4.LTS/bin/armcl" -mv7M4 --code_state=16 --float_support=FPv4SPD16 -me --include_path="H:/EGH456---Tuts/RTOS/uartecho_EK_TM4C1294XL_TI" --include_path="H:/EGH456---Tuts/RTOS/uartecho_EK_TM4C1294XL_TI" --include_path="C:/ti/tirtos_tivac_2_16_00_08/products/TivaWare_C_Series-2.1.1.71b" --include_path="C:/ti/tirtos_tivac_2_16_00_08/products/bios_6_45_01_29/packages/ti/sysbios/posix" --include_path="H:/ti/tivaware_c_series_2_1_4_178/examples/boards/ek-tm4c1294xl-boostxl-kentec-s1/drivers" --include_path="H:/ti/tivaware_c_series_2_1_4_178/driverlib" --include_path="C:/CCStudio/ccsv8/tools/compiler/ti-cgt-arm_18.1.4.LTS/include" --define=ccs="ccs" --define=PART_TM4C1294NCPDT --define=ccs --define=TIVAWARE -g --gcc --diag_warning=225 --diag_warning=255 --diag_wrap=off --display_error_number --gen_func_subsections=on --abi=eabi --preproc_with_compile --preproc_dependency="uartecho.d_raw" --cmd_file="configPkg/compiler.opt" "../uartecho.c"
 
>> Compilation failure
subdir_rules.mk:9: recipe for target 'uartecho.obj' failed
"../uartecho.c", line 84: fatal error #1965: cannot open source file "Kentec320x240x16_ssd2119_spi.h"
1 catastrophic error detected in the compilation of "../uartecho.c".
Compilation terminated.
gmake: *** [uartecho.obj] Error 1
Building file: "../EK_TM4C1294XL.c"
Invoking: ARM Compiler
"C:/CCStudio/ccsv8/tools/compiler/ti-cgt-arm_18.1.4.LTS/bin/armcl" -mv7M4 --code_state=16 --float_support=FPv4SPD16 -me --include_path="H:/EGH456---Tuts/RTOS/uartecho_EK_TM4C1294XL_TI" --include_path="H:/EGH456---Tuts/RTOS/uartecho_EK_TM4C1294XL_TI" --include_path="C:/ti/tirtos_tivac_2_16_00_08/products/TivaWare_C_Series-2.1.1.71b" --include_path="C:/ti/tirtos_tivac_2_16_00_08/products/bios_6_45_01_29/packages/ti/sysbios/posix" --include_path="H:/ti/tivaware_c_series_2_1_4_178/examples/boards/ek-tm4c1294xl-boostxl-kentec-s1/drivers" --include_path="H:/ti/tivaware_c_series_2_1_4_178/driverlib" --include_path="C:/CCStudio/ccsv8/tools/compiler/ti-cgt-arm_18.1.4.LTS/include" --define=ccs="ccs" --define=PART_TM4C1294NCPDT --define=ccs --define=TIVAWARE -g --gcc --diag_warning=225 --diag_warning=255 --diag_wrap=off --display_error_number --gen_func_subsections=on --abi=eabi --preproc_with_compile --preproc_dependency="EK_TM4C1294XL.d_raw" --cmd_file="configPkg/compiler.opt" "../EK_TM4C1294XL.c"
Finished building: "../EK_TM4C1294XL.c"
 
gmake: Target 'all' not remade because of errors.

**** Build Finished ****
